<?xml version="1.0" encoding="UTF-8"?>
<robot generator="Robot 6.0 (Python 3.13.1 on linux)" generated="20250116 15:45:45.786" rpa="false" schemaversion="3">
<suite id="s1" name="Tests" source="/opt/onepoint_formation_rf_webui_selenium/Tests">
<suite id="s1-s1" name="Exercice 4" source="/opt/onepoint_formation_rf_webui_selenium/Tests/Exercice 4">
<suite id="s1-s1-s1" name="Exercice4" source="/opt/onepoint_formation_rf_webui_selenium/Tests/Exercice 4/exercice4.robot">
<kw name="Set Selenium Speed" library="SeleniumLibrary" type="SETUP">
<arg>0.5s</arg>
<doc>Sets the delay that is waited after each Selenium command.</doc>
<status status="PASS" starttime="20250116 15:45:46.305" endtime="20250116 15:45:46.309"/>
</kw>
<test id="s1-s1-s1-t1" name="Verifier Modification Utilisateur" line="17">
<kw name="Given un utilisateur se connectant sur la page d'accueil">
<kw name="Open Browser" library="SeleniumLibrary">
<arg>${URL}</arg>
<arg>${BROWSER}</arg>
<arg>options=add_experimental_option("excludeSwitches", ["enable-logging"])</arg>
<arg>remote_url=http://chrome:4444</arg>
<doc>Opens a new browser instance to the optional ``url``.</doc>
<msg timestamp="20250116 15:45:46.321" level="INFO">Opening browser 'Chrome' to base url 'https://opensource-demo.orangehrmlive.com/web/index.php/auth/login' through remote server at 'http://chrome:4444'.</msg>
<status status="PASS" starttime="20250116 15:45:46.316" endtime="20250116 15:45:50.335"/>
</kw>
<kw name="Maximize Browser Window" library="SeleniumLibrary">
<doc>Maximizes current browser window.</doc>
<status status="PASS" starttime="20250116 15:45:50.335" endtime="20250116 15:45:50.962"/>
</kw>
<kw name="Title Should Be" library="SeleniumLibrary">
<arg>OrangeHRM</arg>
<doc>Verifies that the current page title equals ``title``.</doc>
<msg timestamp="20250116 15:45:51.505" level="INFO">Page title is 'OrangeHRM'.</msg>
<status status="PASS" starttime="20250116 15:45:50.962" endtime="20250116 15:45:51.505"/>
</kw>
<kw name="Input Text" library="SeleniumLibrary">
<arg>${UsernameInputBox}</arg>
<arg>Admin</arg>
<doc>Types the given ``text`` into the text field identified by ``locator``.</doc>
<msg timestamp="20250116 15:45:51.509" level="INFO">Typing text 'Admin' into text field 'name:username'.</msg>
<status status="PASS" starttime="20250116 15:45:51.506" endtime="20250116 15:45:53.160"/>
</kw>
<kw name="Input Text" library="SeleniumLibrary">
<arg>${PasswordInputBox}</arg>
<arg>admin123</arg>
<doc>Types the given ``text`` into the text field identified by ``locator``.</doc>
<msg timestamp="20250116 15:45:53.168" level="INFO">Typing text 'admin123' into text field 'name:password'.</msg>
<status status="PASS" starttime="20250116 15:45:53.160" endtime="20250116 15:45:54.883"/>
</kw>
<kw name="Click Element" library="SeleniumLibrary">
<arg>${LoginButton}</arg>
<doc>Click the element identified by ``locator``.</doc>
<msg timestamp="20250116 15:45:54.886" level="INFO">Clicking element 'xpath://button[@type='submit']'.</msg>
<status status="PASS" starttime="20250116 15:45:54.883" endtime="20250116 15:45:55.995"/>
</kw>
<status status="PASS" starttime="20250116 15:45:46.313" endtime="20250116 15:45:55.996"/>
</kw>
<kw name="And il ouvre le menu">
<arg>My Info</arg>
<kw name="Click Element" library="SeleniumLibrary">
<arg>${DynamicMenu.format('${MENU}')}</arg>
<doc>Click the element identified by ``locator``.</doc>
<msg timestamp="20250116 15:45:56.006" level="INFO">Clicking element 'xpath://li[@class='oxd-main-menu-item-wrapper']//child::span[text()='My Info']'.</msg>
<status status="PASS" starttime="20250116 15:45:56.001" endtime="20250116 15:45:59.110"/>
</kw>
<status status="PASS" starttime="20250116 15:45:55.997" endtime="20250116 15:45:59.114"/>
</kw>
<kw name="When il met à jour son nom et prénom">
<kw name="Sleep" library="BuiltIn">
<arg>1s</arg>
<doc>Pauses the test executed for the given time.</doc>
<msg timestamp="20250116 15:46:00.132" level="INFO">Slept 1 second</msg>
<status status="PASS" starttime="20250116 15:45:59.121" endtime="20250116 15:46:00.133"/>
</kw>
<kw name="Get Text" library="SeleniumLibrary">
<var>${PRENOM_NOM}</var>
<arg>${EmployeeName}</arg>
<doc>Returns the text value of the element identified by ``locator``.</doc>
<msg timestamp="20250116 15:46:01.215" level="INFO">${PRENOM_NOM} = ejemplo2 ejemplo2</msg>
<status status="PASS" starttime="20250116 15:46:00.133" endtime="20250116 15:46:01.216"/>
</kw>
<kw name="Split String" library="String">
<var>${PRENOM_RECUPERE}</var>
<var>${NOM_RECUPERE}</var>
<arg>${PRENOM_NOM}</arg>
<doc>Splits the ``string`` using ``separator`` as a delimiter string.</doc>
<msg timestamp="20250116 15:46:01.219" level="INFO">${PRENOM_RECUPERE} = ejemplo2</msg>
<msg timestamp="20250116 15:46:01.220" level="INFO">${NOM_RECUPERE} = ejemplo2</msg>
<status status="PASS" starttime="20250116 15:46:01.216" endtime="20250116 15:46:01.220"/>
</kw>
<if>
<branch type="IF" condition="&quot;${PRENOM_RECUPERE}&quot; != &quot;${PRENOM_ATTENDU}&quot;">
<kw name="Press Keys" library="SeleniumLibrary">
<arg>${EmployeeFirstName}</arg>
<arg>CTRL+a+BACKSPACE</arg>
<doc>Simulates the user pressing key(s) to an element or on the active browser.</doc>
<msg timestamp="20250116 15:46:01.227" level="INFO">Sending key(s) ('CTRL+a+BACKSPACE',) to name:firstName element.</msg>
<msg timestamp="20250116 15:46:02.536" level="INFO">Pressing special key CONTROL down.</msg>
<msg timestamp="20250116 15:46:02.536" level="INFO">Sending key a</msg>
<msg timestamp="20250116 15:46:02.537" level="INFO">Pressing special key BACKSPACE down.</msg>
<msg timestamp="20250116 15:46:02.537" level="INFO">Releasing special key CONTROL.</msg>
<msg timestamp="20250116 15:46:02.537" level="INFO">Releasing special key BACKSPACE.</msg>
<status status="PASS" starttime="20250116 15:46:01.223" endtime="20250116 15:46:03.070"/>
</kw>
<kw name="Input Text" library="SeleniumLibrary">
<arg>${EmployeeFirstName}</arg>
<arg>${PRENOM_ATTENDU}</arg>
<doc>Types the given ``text`` into the text field identified by ``locator``.</doc>
<msg timestamp="20250116 15:46:03.077" level="INFO">Typing text 'Paul' into text field 'name:firstName'.</msg>
<status status="PASS" starttime="20250116 15:46:03.070" endtime="20250116 15:46:04.718"/>
</kw>
<status status="PASS" starttime="20250116 15:46:01.221" endtime="20250116 15:46:04.718"/>
</branch>
<status status="PASS" starttime="20250116 15:46:01.220" endtime="20250116 15:46:04.719"/>
</if>
<if>
<branch type="IF" condition="&quot;${NOM_RECUPERE}&quot; != &quot;${NOM_ATTENDU}&quot;">
<kw name="Press Keys" library="SeleniumLibrary">
<arg>${EmployeeLastName}</arg>
<arg>CTRL+a+BACKSPACE</arg>
<doc>Simulates the user pressing key(s) to an element or on the active browser.</doc>
<msg timestamp="20250116 15:46:04.786" level="INFO">Sending key(s) ('CTRL+a+BACKSPACE',) to name:lastName element.</msg>
<msg timestamp="20250116 15:46:06.113" level="INFO">Pressing special key CONTROL down.</msg>
<msg timestamp="20250116 15:46:06.113" level="INFO">Sending key a</msg>
<msg timestamp="20250116 15:46:06.113" level="INFO">Pressing special key BACKSPACE down.</msg>
<msg timestamp="20250116 15:46:06.113" level="INFO">Releasing special key CONTROL.</msg>
<msg timestamp="20250116 15:46:06.113" level="INFO">Releasing special key BACKSPACE.</msg>
<status status="PASS" starttime="20250116 15:46:04.762" endtime="20250116 15:46:06.642"/>
</kw>
<kw name="Input Text" library="SeleniumLibrary">
<arg>${EmployeeLastName}</arg>
<arg>${NOM_ATTENDU}</arg>
<doc>Types the given ``text`` into the text field identified by ``locator``.</doc>
<msg timestamp="20250116 15:46:06.646" level="INFO">Typing text 'Collings' into text field 'name:lastName'.</msg>
<status status="PASS" starttime="20250116 15:46:06.642" endtime="20250116 15:46:08.251"/>
</kw>
<status status="PASS" starttime="20250116 15:46:04.719" endtime="20250116 15:46:08.252"/>
</branch>
<status status="PASS" starttime="20250116 15:46:04.719" endtime="20250116 15:46:08.252"/>
</if>
<status status="PASS" starttime="20250116 15:45:59.118" endtime="20250116 15:46:08.252"/>
</kw>
<kw name="And il renseigne la date d'expiration de permis">
<kw name="Random Int" library="FakerLibrary">
<var>${random}</var>
<arg>min=0</arg>
<arg>max=100</arg>
<arg>step=1</arg>
<doc>Generate a random integer between two integers ``min`` and ``max`` inclusive
while observing the provided ``step`` value.</doc>
<msg timestamp="20250116 15:46:08.259" level="INFO">${random} = 28</msg>
<status status="PASS" starttime="20250116 15:46:08.255" endtime="20250116 15:46:08.259"/>
</kw>
<kw name="Log To Console" library="BuiltIn">
<arg>nb_jours: ${random}</arg>
<doc>Logs the given message to the console.</doc>
<status status="PASS" starttime="20250116 15:46:08.260" endtime="20250116 15:46:08.263"/>
</kw>
<kw name="Get Current Date" library="DateTime">
<var>${date}</var>
<arg>result_format=%Y-%d-%m</arg>
<doc>Returns current local or UTC time with an optional increment.</doc>
<msg timestamp="20250116 15:46:08.268" level="INFO">${date} = 2025-16-01</msg>
<status status="PASS" starttime="20250116 15:46:08.264" endtime="20250116 15:46:08.268"/>
</kw>
<kw name="Add Time To Date" library="DateTime">
<var>${date}</var>
<arg>${date}</arg>
<arg>${random} days</arg>
<arg>result_format=%Y-%d-%m</arg>
<doc>Adds time to date and returns the resulting date.</doc>
<msg timestamp="20250116 15:46:08.285" level="FAIL">ValueError: time data '2025-16-01 00:00:00.000000' does not match format '%Y-%m-%d %H:%M:%S.%f'</msg>
<status status="FAIL" starttime="20250116 15:46:08.268" endtime="20250116 15:46:08.287"/>
</kw>
<kw name="Log To Console" library="BuiltIn">
<arg>date: ${date}</arg>
<doc>Logs the given message to the console.</doc>
<status status="NOT RUN" starttime="20250116 15:46:08.288" endtime="20250116 15:46:08.290"/>
</kw>
<kw name="Press Keys" library="SeleniumLibrary">
<arg>${LicenseExpiryDate}</arg>
<arg>CTRL+a+BACKSPACE</arg>
<doc>Simulates the user pressing key(s) to an element or on the active browser.</doc>
<status status="NOT RUN" starttime="20250116 15:46:08.291" endtime="20250116 15:46:08.294"/>
</kw>
<kw name="Input Text" library="SeleniumLibrary">
<arg>${LicenseExpiryDate}</arg>
<arg>${date}</arg>
<doc>Types the given ``text`` into the text field identified by ``locator``.</doc>
<status status="NOT RUN" starttime="20250116 15:46:08.294" endtime="20250116 15:46:08.297"/>
</kw>
<kw name="Click Element" library="SeleniumLibrary">
<arg>${CloseCalendarLink}</arg>
<doc>Click the element identified by ``locator``.</doc>
<status status="NOT RUN" starttime="20250116 15:46:08.298" endtime="20250116 15:46:08.300"/>
</kw>
<status status="FAIL" starttime="20250116 15:46:08.252" endtime="20250116 15:46:08.301"/>
</kw>
<kw name="And il sauvegarde les changements">
<status status="NOT RUN" starttime="20250116 15:46:08.302" endtime="20250116 15:46:08.304"/>
</kw>
<kw name="Then un message de confirmation apparaît">
<status status="NOT RUN" starttime="20250116 15:46:08.305" endtime="20250116 15:46:08.307"/>
</kw>
<kw name="Sleep" library="BuiltIn">
<arg>2s</arg>
<doc>Pauses the test executed for the given time.</doc>
<status status="NOT RUN" starttime="20250116 15:46:08.308" endtime="20250116 15:46:08.311"/>
</kw>
<kw name="Close Browser" library="SeleniumLibrary" type="TEARDOWN">
<doc>Closes the current browser.</doc>
<status status="PASS" starttime="20250116 15:46:08.312" endtime="20250116 15:46:08.965"/>
</kw>
<tag>exercice 4</tag>
<status status="FAIL" starttime="20250116 15:45:46.309" endtime="20250116 15:46:08.966">ValueError: time data '2025-16-01 00:00:00.000000' does not match format '%Y-%m-%d %H:%M:%S.%f'</status>
</test>
<status status="FAIL" starttime="20250116 15:45:45.831" endtime="20250116 15:46:08.970"/>
</suite>
<status status="FAIL" starttime="20250116 15:45:45.826" endtime="20250116 15:46:08.977"/>
</suite>
<status status="FAIL" starttime="20250116 15:45:45.796" endtime="20250116 15:46:08.983"/>
</suite>
<statistics>
<total>
<stat pass="0" fail="1" skip="0">All Tests</stat>
</total>
<tag>
<stat pass="0" fail="1" skip="0">exercice 4</stat>
</tag>
<suite>
<stat pass="0" fail="1" skip="0" id="s1" name="Tests">Tests</stat>
<stat pass="0" fail="1" skip="0" id="s1-s1" name="Exercice 4">Tests.Exercice 4</stat>
<stat pass="0" fail="1" skip="0" id="s1-s1-s1" name="Exercice4">Tests.Exercice 4.Exercice4</stat>
</suite>
</statistics>
<errors>
</errors>
</robot>
